14:17:59 INFO  : Registering command handlers for SDK TCF services
14:18:00 INFO  : Launching XSCT server: xsct -n -interactive /home/georgepag4028/Desktop/Sxoli/Vlsi2021/Ask5/dvlsi2021_lab5/dvlsi2021_ask5_prj/dvlsi2021_ask5_prj.sdk/temp_xsdb_launch_script.tcl
14:18:01 INFO  : XSCT server has started successfully.
14:18:01 INFO  : Successfully done setting XSCT server connection channel  
14:18:01 INFO  : Successfully done setting SDK workspace  
14:18:01 INFO  : Processing command line option -hwspec /home/georgepag4028/Desktop/Sxoli/Vlsi2021/Ask5/dvlsi2021_lab5/dvlsi2021_ask5_prj/dvlsi2021_ask5_prj.sdk/dvlsi2021_lab5_top.hdf.
14:25:24 INFO  : Refreshed build settings on project ask5
18:55:28 INFO  : Example project ask5_bsp_xaxidma_example_simple_poll_1 has been created successfully.
21:45:58 INFO  : Registering command handlers for SDK TCF services
21:45:59 INFO  : Launching XSCT server: xsct -n -interactive /home/georgepag4028/Desktop/Sxoli/Vlsi2021/Ask5/dvlsi2021_lab5/dvlsi2021_ask5_prj/dvlsi2021_ask5_prj.sdk/temp_xsdb_launch_script.tcl
21:46:00 INFO  : XSCT server has started successfully.
21:46:00 INFO  : Successfully done setting XSCT server connection channel  
21:46:00 INFO  : Successfully done setting SDK workspace  
21:46:00 INFO  : Processing command line option -hwspec /home/georgepag4028/Desktop/Sxoli/Vlsi2021/Ask5/dvlsi2021_lab5/dvlsi2021_ask5_prj/dvlsi2021_ask5_prj.sdk/dvlsi2021_lab5_top.hdf.
21:46:00 INFO  : Checking for hwspec changes in the project dvlsi2021_lab5_top_hw_platform_0.
21:46:01 INFO  : SDK has detected change in the last modified timestamps for source hardware specification file Source:1622141049000,  Project:1622114113000
21:46:01 INFO  : The hardware specification for project 'dvlsi2021_lab5_top_hw_platform_0' is different from /home/georgepag4028/Desktop/Sxoli/Vlsi2021/Ask5/dvlsi2021_lab5/dvlsi2021_ask5_prj/dvlsi2021_ask5_prj.sdk/dvlsi2021_lab5_top.hdf.
21:46:01 INFO  : Copied contents of /home/georgepag4028/Desktop/Sxoli/Vlsi2021/Ask5/dvlsi2021_lab5/dvlsi2021_ask5_prj/dvlsi2021_ask5_prj.sdk/dvlsi2021_lab5_top.hdf into /dvlsi2021_lab5_top_hw_platform_0/system.hdf.
21:46:03 INFO  : Synchronizing projects in the workspace with the hardware platform specification changes.
21:46:04 INFO  : 
21:46:05 INFO  : Updating hardware inferred compiler options for ask5.
21:46:05 INFO  : Updating hardware inferred compiler options for ask5_bsp_xaxidma_example_simple_poll_1.
21:46:05 INFO  : Clearing existing target manager status.
22:59:22 INFO  : Registering command handlers for SDK TCF services
22:59:23 INFO  : Launching XSCT server: xsct -n -interactive /home/georgepag4028/Desktop/Sxoli/Vlsi2021/Ask5/dvlsi2021_lab5/dvlsi2021_ask5_prj/dvlsi2021_ask5_prj.sdk/temp_xsdb_launch_script.tcl
22:59:24 INFO  : XSCT server has started successfully.
22:59:24 INFO  : Successfully done setting XSCT server connection channel  
22:59:24 INFO  : Successfully done setting SDK workspace  
22:59:24 INFO  : Processing command line option -hwspec /home/georgepag4028/Desktop/Sxoli/Vlsi2021/Ask5/dvlsi2021_lab5/dvlsi2021_ask5_prj/dvlsi2021_ask5_prj.sdk/dvlsi2021_lab5_top.hdf.
22:59:24 INFO  : Checking for hwspec changes in the project dvlsi2021_lab5_top_hw_platform_0.
22:59:25 INFO  : SDK has detected change in the last modified timestamps for source hardware specification file Source:1622145544000,  Project:1622141049000
22:59:25 INFO  : The hardware specification for project 'dvlsi2021_lab5_top_hw_platform_0' is different from /home/georgepag4028/Desktop/Sxoli/Vlsi2021/Ask5/dvlsi2021_lab5/dvlsi2021_ask5_prj/dvlsi2021_ask5_prj.sdk/dvlsi2021_lab5_top.hdf.
22:59:25 INFO  : Copied contents of /home/georgepag4028/Desktop/Sxoli/Vlsi2021/Ask5/dvlsi2021_lab5/dvlsi2021_ask5_prj/dvlsi2021_ask5_prj.sdk/dvlsi2021_lab5_top.hdf into /dvlsi2021_lab5_top_hw_platform_0/system.hdf.
22:59:27 INFO  : Synchronizing projects in the workspace with the hardware platform specification changes.
22:59:28 INFO  : 
22:59:29 INFO  : Updating hardware inferred compiler options for ask5.
22:59:29 INFO  : Updating hardware inferred compiler options for ask5_bsp_xaxidma_example_simple_poll_1.
22:59:29 INFO  : Clearing existing target manager status.
22:59:29 INFO  : Workspace synchronized with the new hardware specification file. Cleaning dependent projects...
22:59:30 WARN  : Linker script will not be updated automatically. Users need to update it manually.
23:02:43 INFO  : Refreshed build settings on project ask5
23:02:43 INFO  : Refreshed build settings on project ask5_bsp_xaxidma_example_simple_poll_1
23:08:58 INFO  : No changes in MSS file content so not generating sources.
23:41:27 INFO  : Launching XSCT server: xsct -n -interactive /home/georgepag4028/Desktop/Sxoli/Vlsi2021/Ask5/dvlsi2021_lab5/dvlsi2021_ask5_prj/dvlsi2021_ask5_prj.sdk/temp_xsdb_launch_script.tcl
23:41:28 INFO  : XSCT server has started successfully.
23:41:28 INFO  : Successfully done setting XSCT server connection channel  
23:41:28 INFO  : Successfully done setting SDK workspace  
23:41:30 INFO  : Registering command handlers for SDK TCF services
23:41:30 INFO  : Processing command line option -hwspec /home/georgepag4028/Desktop/Sxoli/Vlsi2021/Ask5/dvlsi2021_lab5/dvlsi2021_ask5_prj/dvlsi2021_ask5_prj.sdk/dvlsi2021_lab5_top.hdf.
23:41:30 INFO  : Checking for hwspec changes in the project dvlsi2021_lab5_top_hw_platform_0.
15:06:18 INFO  : Registering command handlers for SDK TCF services
15:06:19 INFO  : Launching XSCT server: xsct -n -interactive /home/georgepag4028/Desktop/Sxoli/Vlsi2021/Ask5/dvlsi2021_lab5/dvlsi2021_ask5_prj/dvlsi2021_ask5_prj.sdk/temp_xsdb_launch_script.tcl
15:06:20 INFO  : XSCT server has started successfully.
15:06:20 INFO  : Successfully done setting XSCT server connection channel  
15:06:20 INFO  : Successfully done setting SDK workspace  
15:06:20 INFO  : Processing command line option -hwspec /home/georgepag4028/Desktop/Sxoli/Vlsi2021/Ask5/dvlsi2021_lab5/dvlsi2021_ask5_prj/dvlsi2021_ask5_prj.sdk/dvlsi2021_lab5_top.hdf.
15:06:20 INFO  : Checking for hwspec changes in the project dvlsi2021_lab5_top_hw_platform_0.
15:06:22 INFO  : SDK has detected change in the last modified timestamps for source hardware specification file Source:1622203498000,  Project:1622145544000
15:06:22 INFO  : The hardware specification for project 'dvlsi2021_lab5_top_hw_platform_0' is different from /home/georgepag4028/Desktop/Sxoli/Vlsi2021/Ask5/dvlsi2021_lab5/dvlsi2021_ask5_prj/dvlsi2021_ask5_prj.sdk/dvlsi2021_lab5_top.hdf.
15:06:22 INFO  : Copied contents of /home/georgepag4028/Desktop/Sxoli/Vlsi2021/Ask5/dvlsi2021_lab5/dvlsi2021_ask5_prj/dvlsi2021_ask5_prj.sdk/dvlsi2021_lab5_top.hdf into /dvlsi2021_lab5_top_hw_platform_0/system.hdf.
15:06:29 INFO  : Synchronizing projects in the workspace with the hardware platform specification changes.
15:06:30 INFO  : 
15:06:31 INFO  : Updating hardware inferred compiler options for ask5.
15:06:32 INFO  : Updating hardware inferred compiler options for ask5_bsp_xaxidma_example_simple_poll_1.
15:06:32 INFO  : Clearing existing target manager status.
15:07:44 INFO  : No changes in MSS file content so not generating sources.
16:04:19 INFO  : Registering command handlers for SDK TCF services
16:04:20 INFO  : Launching XSCT server: xsct -n -interactive /home/georgepag4028/Desktop/Sxoli/Vlsi2021/Ask5/dvlsi2021_lab5/dvlsi2021_ask5_prj/dvlsi2021_ask5_prj.sdk/temp_xsdb_launch_script.tcl
16:04:21 INFO  : XSCT server has started successfully.
16:04:21 INFO  : Successfully done setting XSCT server connection channel  
16:04:21 INFO  : Successfully done setting SDK workspace  
16:04:21 INFO  : Processing command line option -hwspec /home/georgepag4028/Desktop/Sxoli/Vlsi2021/Ask5/dvlsi2021_lab5/dvlsi2021_ask5_prj/dvlsi2021_ask5_prj.sdk/dvlsi2021_lab5_top.hdf.
16:04:21 INFO  : Checking for hwspec changes in the project dvlsi2021_lab5_top_hw_platform_0.
16:04:23 INFO  : SDK has detected change in the last modified timestamps for source hardware specification file Source:1622207035000,  Project:1622203498000
16:04:23 INFO  : The hardware specification for project 'dvlsi2021_lab5_top_hw_platform_0' is different from /home/georgepag4028/Desktop/Sxoli/Vlsi2021/Ask5/dvlsi2021_lab5/dvlsi2021_ask5_prj/dvlsi2021_ask5_prj.sdk/dvlsi2021_lab5_top.hdf.
16:04:23 INFO  : Copied contents of /home/georgepag4028/Desktop/Sxoli/Vlsi2021/Ask5/dvlsi2021_lab5/dvlsi2021_ask5_prj/dvlsi2021_ask5_prj.sdk/dvlsi2021_lab5_top.hdf into /dvlsi2021_lab5_top_hw_platform_0/system.hdf.
16:04:25 INFO  : Synchronizing projects in the workspace with the hardware platform specification changes.
16:04:25 INFO  : 
16:04:26 INFO  : Updating hardware inferred compiler options for ask5.
16:04:27 INFO  : Updating hardware inferred compiler options for ask5_bsp_xaxidma_example_simple_poll_1.
16:04:27 INFO  : Clearing existing target manager status.
16:56:24 INFO  : Registering command handlers for SDK TCF services
16:56:25 INFO  : Launching XSCT server: xsct -n -interactive /home/georgepag4028/Desktop/Sxoli/Vlsi2021/Ask5/dvlsi2021_lab5/dvlsi2021_ask5_prj/dvlsi2021_ask5_prj.sdk/temp_xsdb_launch_script.tcl
16:56:26 INFO  : XSCT server has started successfully.
16:56:26 INFO  : Successfully done setting XSCT server connection channel  
16:56:26 INFO  : Successfully done setting SDK workspace  
16:56:26 INFO  : Processing command line option -hwspec /home/georgepag4028/Desktop/Sxoli/Vlsi2021/Ask5/dvlsi2021_lab5/dvlsi2021_ask5_prj/dvlsi2021_ask5_prj.sdk/dvlsi2021_lab5_top.hdf.
16:56:26 INFO  : Checking for hwspec changes in the project dvlsi2021_lab5_top_hw_platform_0.
16:56:28 INFO  : SDK has detected change in the last modified timestamps for source hardware specification file Source:1622210166000,  Project:1622207035000
16:56:28 INFO  : The hardware specification for project 'dvlsi2021_lab5_top_hw_platform_0' is different from /home/georgepag4028/Desktop/Sxoli/Vlsi2021/Ask5/dvlsi2021_lab5/dvlsi2021_ask5_prj/dvlsi2021_ask5_prj.sdk/dvlsi2021_lab5_top.hdf.
16:56:28 INFO  : Copied contents of /home/georgepag4028/Desktop/Sxoli/Vlsi2021/Ask5/dvlsi2021_lab5/dvlsi2021_ask5_prj/dvlsi2021_ask5_prj.sdk/dvlsi2021_lab5_top.hdf into /dvlsi2021_lab5_top_hw_platform_0/system.hdf.
16:56:29 INFO  : Synchronizing projects in the workspace with the hardware platform specification changes.
16:56:30 INFO  : 
16:56:31 INFO  : Updating hardware inferred compiler options for ask5.
16:56:32 INFO  : Updating hardware inferred compiler options for ask5_bsp_xaxidma_example_simple_poll_1.
16:56:32 INFO  : Clearing existing target manager status.
17:50:22 INFO  : Registering command handlers for SDK TCF services
17:50:23 INFO  : Launching XSCT server: xsct -n -interactive /home/georgepag4028/Desktop/Sxoli/Vlsi2021/Ask5/dvlsi2021_lab5/dvlsi2021_ask5_prj/dvlsi2021_ask5_prj.sdk/temp_xsdb_launch_script.tcl
17:50:24 INFO  : XSCT server has started successfully.
17:50:24 INFO  : Successfully done setting XSCT server connection channel  
17:50:24 INFO  : Successfully done setting SDK workspace  
17:50:24 INFO  : Processing command line option -hwspec /home/georgepag4028/Desktop/Sxoli/Vlsi2021/Ask5/dvlsi2021_lab5/dvlsi2021_ask5_prj/dvlsi2021_ask5_prj.sdk/dvlsi2021_lab5_top.hdf.
17:50:24 INFO  : Checking for hwspec changes in the project dvlsi2021_lab5_top_hw_platform_0.
17:50:26 INFO  : SDK has detected change in the last modified timestamps for source hardware specification file Source:1622213403000,  Project:1622210166000
17:50:26 INFO  : The hardware specification for project 'dvlsi2021_lab5_top_hw_platform_0' is different from /home/georgepag4028/Desktop/Sxoli/Vlsi2021/Ask5/dvlsi2021_lab5/dvlsi2021_ask5_prj/dvlsi2021_ask5_prj.sdk/dvlsi2021_lab5_top.hdf.
17:50:26 INFO  : Copied contents of /home/georgepag4028/Desktop/Sxoli/Vlsi2021/Ask5/dvlsi2021_lab5/dvlsi2021_ask5_prj/dvlsi2021_ask5_prj.sdk/dvlsi2021_lab5_top.hdf into /dvlsi2021_lab5_top_hw_platform_0/system.hdf.
17:50:27 INFO  : Synchronizing projects in the workspace with the hardware platform specification changes.
17:50:28 INFO  : 
17:50:29 INFO  : Updating hardware inferred compiler options for ask5.
17:50:30 INFO  : Updating hardware inferred compiler options for ask5_bsp_xaxidma_example_simple_poll_1.
17:50:30 INFO  : Clearing existing target manager status.
18:50:00 INFO  : SDK has detected change in the last modified timestamps for source hardware specification file Source:1622216957000,  Project:1622213403000
18:50:00 INFO  : Project dvlsi2021_lab5_top_hw_platform_0's source hardware specification located at /home/georgepag4028/Desktop/Sxoli/Vlsi2021/Ask5/dvlsi2021_lab5/dvlsi2021_ask5_prj/dvlsi2021_ask5_prj.sdk/dvlsi2021_lab5_top.hdf is now different from the local copy.
		 The local copy will be replaced with the source specification and your workspace will be updated.
18:50:30 INFO  : Copied contents of /home/georgepag4028/Desktop/Sxoli/Vlsi2021/Ask5/dvlsi2021_lab5/dvlsi2021_ask5_prj/dvlsi2021_ask5_prj.sdk/dvlsi2021_lab5_top.hdf into /dvlsi2021_lab5_top_hw_platform_0/system.hdf.
18:50:32 INFO  : Synchronizing projects in the workspace with the hardware platform specification changes.
18:50:33 INFO  : 
18:50:34 INFO  : Updating hardware inferred compiler options for ask5.
18:50:34 INFO  : Updating hardware inferred compiler options for ask5_bsp_xaxidma_example_simple_poll_1.
18:50:34 INFO  : Clearing existing target manager status.
15:32:53 INFO  : Registering command handlers for SDK TCF services
15:32:54 INFO  : Launching XSCT server: xsct -n -interactive /home/georgepag4028/Desktop/Sxoli/Vlsi2021/Ask5/dvlsi2021_lab5/dvlsi2021_ask5_prj/dvlsi2021_ask5_prj.sdk/temp_xsdb_launch_script.tcl
15:32:55 INFO  : XSCT server has started successfully.
15:32:55 INFO  : Successfully done setting XSCT server connection channel  
15:32:55 INFO  : Successfully done setting SDK workspace  
15:32:55 INFO  : Processing command line option -hwspec /home/georgepag4028/Desktop/Sxoli/Vlsi2021/Ask5/dvlsi2021_lab5/dvlsi2021_ask5_prj/dvlsi2021_ask5_prj.sdk/dvlsi2021_lab5_top.hdf.
15:32:55 INFO  : Checking for hwspec changes in the project dvlsi2021_lab5_top_hw_platform_0.
15:32:57 INFO  : SDK has detected change in the last modified timestamps for source hardware specification file Source:1622291550000,  Project:1622216957000
15:32:57 INFO  : The hardware specification for project 'dvlsi2021_lab5_top_hw_platform_0' is different from /home/georgepag4028/Desktop/Sxoli/Vlsi2021/Ask5/dvlsi2021_lab5/dvlsi2021_ask5_prj/dvlsi2021_ask5_prj.sdk/dvlsi2021_lab5_top.hdf.
15:32:57 INFO  : Copied contents of /home/georgepag4028/Desktop/Sxoli/Vlsi2021/Ask5/dvlsi2021_lab5/dvlsi2021_ask5_prj/dvlsi2021_ask5_prj.sdk/dvlsi2021_lab5_top.hdf into /dvlsi2021_lab5_top_hw_platform_0/system.hdf.
15:33:04 INFO  : Synchronizing projects in the workspace with the hardware platform specification changes.
15:33:05 INFO  : 
15:33:06 INFO  : Updating hardware inferred compiler options for ask5.
15:33:07 INFO  : Updating hardware inferred compiler options for ask5_bsp_xaxidma_example_simple_poll_1.
15:33:07 INFO  : Clearing existing target manager status.
16:17:15 INFO  : SDK has detected change in the last modified timestamps for source hardware specification file Source:1622294226000,  Project:1622291550000
16:17:15 INFO  : Project dvlsi2021_lab5_top_hw_platform_0's source hardware specification located at /home/georgepag4028/Desktop/Sxoli/Vlsi2021/Ask5/dvlsi2021_lab5/dvlsi2021_ask5_prj/dvlsi2021_ask5_prj.sdk/dvlsi2021_lab5_top.hdf is now different from the local copy.
		 The local copy will be replaced with the source specification and your workspace will be updated.
16:17:20 INFO  : Copied contents of /home/georgepag4028/Desktop/Sxoli/Vlsi2021/Ask5/dvlsi2021_lab5/dvlsi2021_ask5_prj/dvlsi2021_ask5_prj.sdk/dvlsi2021_lab5_top.hdf into /dvlsi2021_lab5_top_hw_platform_0/system.hdf.
16:17:21 INFO  : Synchronizing projects in the workspace with the hardware platform specification changes.
16:17:22 INFO  : 
16:17:23 INFO  : Updating hardware inferred compiler options for ask5.
16:17:24 INFO  : Updating hardware inferred compiler options for ask5_bsp_xaxidma_example_simple_poll_1.
16:17:24 INFO  : Clearing existing target manager status.
16:35:01 INFO  : Registering command handlers for SDK TCF services
16:35:01 INFO  : Launching XSCT server: xsct -n -interactive /home/georgepag4028/Desktop/Sxoli/Vlsi2021/Ask5/dvlsi2021_lab5/dvlsi2021_ask5_prj/dvlsi2021_ask5_prj.sdk/temp_xsdb_launch_script.tcl
16:35:02 INFO  : XSCT server has started successfully.
16:35:02 INFO  : Successfully done setting XSCT server connection channel  
16:35:02 INFO  : Successfully done setting SDK workspace  
16:35:02 INFO  : Processing command line option -hwspec /home/georgepag4028/Desktop/Sxoli/Vlsi2021/Ask5/dvlsi2021_lab5/dvlsi2021_ask5_prj/dvlsi2021_ask5_prj.sdk/dvlsi2021_lab5_top.hdf.
16:35:02 INFO  : Checking for hwspec changes in the project dvlsi2021_lab5_top_hw_platform_0.
16:35:04 INFO  : SDK has detected change in the last modified timestamps for source hardware specification file Source:1622295279000,  Project:1622294226000
16:35:04 INFO  : The hardware specification for project 'dvlsi2021_lab5_top_hw_platform_0' is different from /home/georgepag4028/Desktop/Sxoli/Vlsi2021/Ask5/dvlsi2021_lab5/dvlsi2021_ask5_prj/dvlsi2021_ask5_prj.sdk/dvlsi2021_lab5_top.hdf.
16:35:04 INFO  : Copied contents of /home/georgepag4028/Desktop/Sxoli/Vlsi2021/Ask5/dvlsi2021_lab5/dvlsi2021_ask5_prj/dvlsi2021_ask5_prj.sdk/dvlsi2021_lab5_top.hdf into /dvlsi2021_lab5_top_hw_platform_0/system.hdf.
16:35:06 INFO  : Synchronizing projects in the workspace with the hardware platform specification changes.
16:35:07 INFO  : 
16:35:07 INFO  : Updating hardware inferred compiler options for ask5.
16:35:08 INFO  : Updating hardware inferred compiler options for ask5_bsp_xaxidma_example_simple_poll_1.
16:35:08 INFO  : Clearing existing target manager status.
16:39:14 INFO  : SDK has detected change in the last modified timestamps for source hardware specification file Source:1622295510000,  Project:1622295279000
16:39:14 INFO  : Project dvlsi2021_lab5_top_hw_platform_0's source hardware specification located at /home/georgepag4028/Desktop/Sxoli/Vlsi2021/Ask5/dvlsi2021_lab5/dvlsi2021_ask5_prj/dvlsi2021_ask5_prj.sdk/dvlsi2021_lab5_top.hdf is now different from the local copy.
		 The local copy will be replaced with the source specification and your workspace will be updated.
16:39:16 INFO  : Copied contents of /home/georgepag4028/Desktop/Sxoli/Vlsi2021/Ask5/dvlsi2021_lab5/dvlsi2021_ask5_prj/dvlsi2021_ask5_prj.sdk/dvlsi2021_lab5_top.hdf into /dvlsi2021_lab5_top_hw_platform_0/system.hdf.
16:39:18 INFO  : Synchronizing projects in the workspace with the hardware platform specification changes.
16:39:19 INFO  : 
16:39:20 INFO  : Updating hardware inferred compiler options for ask5.
16:39:21 INFO  : Updating hardware inferred compiler options for ask5_bsp_xaxidma_example_simple_poll_1.
16:39:21 INFO  : Clearing existing target manager status.
16:39:50 INFO  : Registering command handlers for SDK TCF services
16:39:50 INFO  : Launching XSCT server: xsct -n -interactive /home/georgepag4028/Desktop/Sxoli/Vlsi2021/Ask5/dvlsi2021_lab5/dvlsi2021_ask5_prj/dvlsi2021_ask5_prj.sdk/temp_xsdb_launch_script.tcl
16:39:51 INFO  : XSCT server has started successfully.
16:39:51 INFO  : Successfully done setting XSCT server connection channel  
16:39:51 INFO  : Successfully done setting SDK workspace  
16:39:51 INFO  : Processing command line option -hwspec /home/georgepag4028/Desktop/Sxoli/Vlsi2021/Ask5/dvlsi2021_lab5/dvlsi2021_ask5_prj/dvlsi2021_ask5_prj.sdk/dvlsi2021_lab5_top.hdf.
16:39:51 INFO  : Checking for hwspec changes in the project dvlsi2021_lab5_top_hw_platform_0.
16:45:24 INFO  : SDK has detected change in the last modified timestamps for source hardware specification file Source:1622295909000,  Project:1622295510000
16:45:24 INFO  : Project dvlsi2021_lab5_top_hw_platform_0's source hardware specification located at /home/georgepag4028/Desktop/Sxoli/Vlsi2021/Ask5/dvlsi2021_lab5/dvlsi2021_ask5_prj/dvlsi2021_ask5_prj.sdk/dvlsi2021_lab5_top.hdf is now different from the local copy.
		 The local copy will be replaced with the source specification and your workspace will be updated.
16:45:38 INFO  : Copied contents of /home/georgepag4028/Desktop/Sxoli/Vlsi2021/Ask5/dvlsi2021_lab5/dvlsi2021_ask5_prj/dvlsi2021_ask5_prj.sdk/dvlsi2021_lab5_top.hdf into /dvlsi2021_lab5_top_hw_platform_0/system.hdf.
16:45:40 INFO  : Synchronizing projects in the workspace with the hardware platform specification changes.
16:45:41 INFO  : 
16:45:41 INFO  : Updating hardware inferred compiler options for ask5.
16:45:42 INFO  : Updating hardware inferred compiler options for ask5_bsp_xaxidma_example_simple_poll_1.
16:45:42 INFO  : Clearing existing target manager status.
17:05:52 INFO  : SDK has detected change in the last modified timestamps for source hardware specification file Source:1622297138000,  Project:1622295909000
17:05:52 INFO  : Project dvlsi2021_lab5_top_hw_platform_0's source hardware specification located at /home/georgepag4028/Desktop/Sxoli/Vlsi2021/Ask5/dvlsi2021_lab5/dvlsi2021_ask5_prj/dvlsi2021_ask5_prj.sdk/dvlsi2021_lab5_top.hdf is now different from the local copy.
		 The local copy will be replaced with the source specification and your workspace will be updated.
17:05:53 INFO  : Copied contents of /home/georgepag4028/Desktop/Sxoli/Vlsi2021/Ask5/dvlsi2021_lab5/dvlsi2021_ask5_prj/dvlsi2021_ask5_prj.sdk/dvlsi2021_lab5_top.hdf into /dvlsi2021_lab5_top_hw_platform_0/system.hdf.
17:05:55 INFO  : Synchronizing projects in the workspace with the hardware platform specification changes.
17:05:56 INFO  : 
17:05:56 INFO  : Updating hardware inferred compiler options for ask5.
17:05:57 INFO  : Updating hardware inferred compiler options for ask5_bsp_xaxidma_example_simple_poll_1.
17:05:57 INFO  : Clearing existing target manager status.
18:01:47 INFO  : SDK has detected change in the last modified timestamps for source hardware specification file Source:1622300493000,  Project:1622297138000
18:01:47 INFO  : Project dvlsi2021_lab5_top_hw_platform_0's source hardware specification located at /home/georgepag4028/Desktop/Sxoli/Vlsi2021/Ask5/dvlsi2021_lab5/dvlsi2021_ask5_prj/dvlsi2021_ask5_prj.sdk/dvlsi2021_lab5_top.hdf is now different from the local copy.
		 The local copy will be replaced with the source specification and your workspace will be updated.
18:01:48 INFO  : Copied contents of /home/georgepag4028/Desktop/Sxoli/Vlsi2021/Ask5/dvlsi2021_lab5/dvlsi2021_ask5_prj/dvlsi2021_ask5_prj.sdk/dvlsi2021_lab5_top.hdf into /dvlsi2021_lab5_top_hw_platform_0/system.hdf.
18:01:49 INFO  : Synchronizing projects in the workspace with the hardware platform specification changes.
18:01:50 INFO  : 
18:01:51 INFO  : Updating hardware inferred compiler options for ask5.
18:01:52 INFO  : Updating hardware inferred compiler options for ask5_bsp_xaxidma_example_simple_poll_1.
18:01:52 INFO  : Clearing existing target manager status.
18:01:52 INFO  : Closing and re-opening the MSS file of ther project ask5_bsp
18:01:52 INFO  : Workspace synchronized with the new hardware specification file. Cleaning dependent projects...
18:01:53 WARN  : Linker script will not be updated automatically. Users need to update it manually.
18:35:35 INFO  : SDK has detected change in the last modified timestamps for source hardware specification file Source:1622302517000,  Project:1622300493000
18:35:35 INFO  : Project dvlsi2021_lab5_top_hw_platform_0's source hardware specification located at /home/georgepag4028/Desktop/Sxoli/Vlsi2021/Ask5/dvlsi2021_lab5/dvlsi2021_ask5_prj/dvlsi2021_ask5_prj.sdk/dvlsi2021_lab5_top.hdf is now different from the local copy.
		 The local copy will be replaced with the source specification and your workspace will be updated.
18:35:38 INFO  : Copied contents of /home/georgepag4028/Desktop/Sxoli/Vlsi2021/Ask5/dvlsi2021_lab5/dvlsi2021_ask5_prj/dvlsi2021_ask5_prj.sdk/dvlsi2021_lab5_top.hdf into /dvlsi2021_lab5_top_hw_platform_0/system.hdf.
18:35:40 INFO  : Synchronizing projects in the workspace with the hardware platform specification changes.
18:35:41 INFO  : 
18:35:42 INFO  : Updating hardware inferred compiler options for ask5.
18:35:43 INFO  : Updating hardware inferred compiler options for ask5_bsp_xaxidma_example_simple_poll_1.
18:35:43 INFO  : Clearing existing target manager status.
18:35:43 INFO  : Workspace synchronized with the new hardware specification file. Cleaning dependent projects...
18:35:43 WARN  : Linker script will not be updated automatically. Users need to update it manually.
18:47:54 INFO  : SDK has detected change in the last modified timestamps for source hardware specification file Source:1622303260000,  Project:1622302517000
18:47:54 INFO  : Project dvlsi2021_lab5_top_hw_platform_0's source hardware specification located at /home/georgepag4028/Desktop/Sxoli/Vlsi2021/Ask5/dvlsi2021_lab5/dvlsi2021_ask5_prj/dvlsi2021_ask5_prj.sdk/dvlsi2021_lab5_top.hdf is now different from the local copy.
		 The local copy will be replaced with the source specification and your workspace will be updated.
18:47:56 INFO  : Copied contents of /home/georgepag4028/Desktop/Sxoli/Vlsi2021/Ask5/dvlsi2021_lab5/dvlsi2021_ask5_prj/dvlsi2021_ask5_prj.sdk/dvlsi2021_lab5_top.hdf into /dvlsi2021_lab5_top_hw_platform_0/system.hdf.
18:47:58 INFO  : Synchronizing projects in the workspace with the hardware platform specification changes.
18:47:59 INFO  : 
18:48:00 INFO  : Updating hardware inferred compiler options for ask5.
18:48:00 INFO  : Updating hardware inferred compiler options for ask5_bsp_xaxidma_example_simple_poll_1.
18:48:00 INFO  : Clearing existing target manager status.
18:48:00 INFO  : Workspace synchronized with the new hardware specification file. Cleaning dependent projects...
18:48:01 WARN  : Linker script will not be updated automatically. Users need to update it manually.
18:54:14 INFO  : SDK has detected change in the last modified timestamps for source hardware specification file Source:1622303605000,  Project:1622303260000
18:54:14 INFO  : Project dvlsi2021_lab5_top_hw_platform_0's source hardware specification located at /home/georgepag4028/Desktop/Sxoli/Vlsi2021/Ask5/dvlsi2021_lab5/dvlsi2021_ask5_prj/dvlsi2021_ask5_prj.sdk/dvlsi2021_lab5_top.hdf is now different from the local copy.
		 The local copy will be replaced with the source specification and your workspace will be updated.
18:54:15 INFO  : Copied contents of /home/georgepag4028/Desktop/Sxoli/Vlsi2021/Ask5/dvlsi2021_lab5/dvlsi2021_ask5_prj/dvlsi2021_ask5_prj.sdk/dvlsi2021_lab5_top.hdf into /dvlsi2021_lab5_top_hw_platform_0/system.hdf.
18:54:17 INFO  : Synchronizing projects in the workspace with the hardware platform specification changes.
18:54:18 INFO  : 
18:54:19 INFO  : Updating hardware inferred compiler options for ask5.
18:54:19 INFO  : Updating hardware inferred compiler options for ask5_bsp_xaxidma_example_simple_poll_1.
18:54:19 INFO  : Clearing existing target manager status.
18:54:19 INFO  : Workspace synchronized with the new hardware specification file. Cleaning dependent projects...
18:54:20 WARN  : Linker script will not be updated automatically. Users need to update it manually.
18:59:17 INFO  : SDK has detected change in the last modified timestamps for source hardware specification file Source:1622303947000,  Project:1622303605000
18:59:17 INFO  : Project dvlsi2021_lab5_top_hw_platform_0's source hardware specification located at /home/georgepag4028/Desktop/Sxoli/Vlsi2021/Ask5/dvlsi2021_lab5/dvlsi2021_ask5_prj/dvlsi2021_ask5_prj.sdk/dvlsi2021_lab5_top.hdf is now different from the local copy.
		 The local copy will be replaced with the source specification and your workspace will be updated.
18:59:18 INFO  : Copied contents of /home/georgepag4028/Desktop/Sxoli/Vlsi2021/Ask5/dvlsi2021_lab5/dvlsi2021_ask5_prj/dvlsi2021_ask5_prj.sdk/dvlsi2021_lab5_top.hdf into /dvlsi2021_lab5_top_hw_platform_0/system.hdf.
18:59:20 INFO  : Synchronizing projects in the workspace with the hardware platform specification changes.
18:59:21 INFO  : 
18:59:22 INFO  : Updating hardware inferred compiler options for ask5.
18:59:22 INFO  : Updating hardware inferred compiler options for ask5_bsp_xaxidma_example_simple_poll_1.
18:59:22 INFO  : Clearing existing target manager status.
18:59:22 INFO  : Workspace synchronized with the new hardware specification file. Cleaning dependent projects...
18:59:23 WARN  : Linker script will not be updated automatically. Users need to update it manually.
19:50:19 INFO  : Registering command handlers for SDK TCF services
19:50:20 INFO  : Launching XSCT server: xsct -n -interactive /home/georgepag4028/Desktop/Sxoli/Vlsi2021/Ask5/dvlsi2021_lab5/dvlsi2021_ask5_prj/dvlsi2021_ask5_prj.sdk/temp_xsdb_launch_script.tcl
19:50:21 INFO  : XSCT server has started successfully.
19:50:21 INFO  : Successfully done setting XSCT server connection channel  
19:50:21 INFO  : Successfully done setting SDK workspace  
19:50:21 INFO  : Processing command line option -hwspec /home/georgepag4028/Desktop/Sxoli/Vlsi2021/Ask5/dvlsi2021_lab5/dvlsi2021_ask5_prj/dvlsi2021_ask5_prj.sdk/dvlsi2021_lab5_top.hdf.
19:50:21 INFO  : Checking for hwspec changes in the project dvlsi2021_lab5_top_hw_platform_0.
19:50:22 INFO  : SDK has detected change in the last modified timestamps for source hardware specification file Source:1622306970000,  Project:1622303947000
19:50:22 INFO  : The hardware specification for project 'dvlsi2021_lab5_top_hw_platform_0' is different from /home/georgepag4028/Desktop/Sxoli/Vlsi2021/Ask5/dvlsi2021_lab5/dvlsi2021_ask5_prj/dvlsi2021_ask5_prj.sdk/dvlsi2021_lab5_top.hdf.
19:50:22 INFO  : Copied contents of /home/georgepag4028/Desktop/Sxoli/Vlsi2021/Ask5/dvlsi2021_lab5/dvlsi2021_ask5_prj/dvlsi2021_ask5_prj.sdk/dvlsi2021_lab5_top.hdf into /dvlsi2021_lab5_top_hw_platform_0/system.hdf.
19:50:24 INFO  : Synchronizing projects in the workspace with the hardware platform specification changes.
19:50:25 INFO  : 
19:50:26 INFO  : Updating hardware inferred compiler options for ask5.
19:50:27 INFO  : Updating hardware inferred compiler options for ask5_bsp_xaxidma_example_simple_poll_1.
19:50:27 INFO  : Clearing existing target manager status.
19:50:27 INFO  : Workspace synchronized with the new hardware specification file. Cleaning dependent projects...
19:50:27 WARN  : Linker script will not be updated automatically. Users need to update it manually.
19:53:08 INFO  : Refreshed build settings on project ask5
19:53:08 INFO  : Refreshed build settings on project ask5_bsp_xaxidma_example_simple_poll_1
19:59:08 INFO  : No changes in MSS file content so not generating sources.
21:28:06 INFO  : Registering command handlers for SDK TCF services
21:28:07 INFO  : Launching XSCT server: xsct -n -interactive /home/georgepag4028/Desktop/Sxoli/Vlsi2021/Ask5/dvlsi2021_lab5/dvlsi2021_ask5_prj/dvlsi2021_ask5_prj.sdk/temp_xsdb_launch_script.tcl
21:28:08 INFO  : XSCT server has started successfully.
21:28:08 INFO  : Successfully done setting XSCT server connection channel  
21:28:08 INFO  : Successfully done setting SDK workspace  
21:28:08 INFO  : Processing command line option -hwspec /home/georgepag4028/Desktop/Sxoli/Vlsi2021/Ask5/dvlsi2021_lab5/dvlsi2021_ask5_prj/dvlsi2021_ask5_prj.sdk/dvlsi2021_lab5_top.hdf.
21:28:08 INFO  : Checking for hwspec changes in the project dvlsi2021_lab5_top_hw_platform_0.
21:28:10 INFO  : SDK has detected change in the last modified timestamps for source hardware specification file Source:1622312844000,  Project:1622306970000
21:28:10 INFO  : The hardware specification for project 'dvlsi2021_lab5_top_hw_platform_0' is different from /home/georgepag4028/Desktop/Sxoli/Vlsi2021/Ask5/dvlsi2021_lab5/dvlsi2021_ask5_prj/dvlsi2021_ask5_prj.sdk/dvlsi2021_lab5_top.hdf.
21:28:10 INFO  : Copied contents of /home/georgepag4028/Desktop/Sxoli/Vlsi2021/Ask5/dvlsi2021_lab5/dvlsi2021_ask5_prj/dvlsi2021_ask5_prj.sdk/dvlsi2021_lab5_top.hdf into /dvlsi2021_lab5_top_hw_platform_0/system.hdf.
21:28:11 INFO  : Synchronizing projects in the workspace with the hardware platform specification changes.
21:28:12 INFO  : 
21:28:13 INFO  : Updating hardware inferred compiler options for ask5.
21:28:14 INFO  : Updating hardware inferred compiler options for ask5_bsp_xaxidma_example_simple_poll_1.
21:28:14 INFO  : Clearing existing target manager status.
21:29:12 INFO  : Refreshed build settings on project ask5
21:29:12 INFO  : Refreshed build settings on project ask5_bsp_xaxidma_example_simple_poll_1
21:37:33 INFO  : SDK has detected change in the last modified timestamps for source hardware specification file Source:1622313421000,  Project:1622312844000
21:37:33 INFO  : Project dvlsi2021_lab5_top_hw_platform_0's source hardware specification located at /home/georgepag4028/Desktop/Sxoli/Vlsi2021/Ask5/dvlsi2021_lab5/dvlsi2021_ask5_prj/dvlsi2021_ask5_prj.sdk/dvlsi2021_lab5_top.hdf is now different from the local copy.
		 The local copy will be replaced with the source specification and your workspace will be updated.
21:37:42 INFO  : Copied contents of /home/georgepag4028/Desktop/Sxoli/Vlsi2021/Ask5/dvlsi2021_lab5/dvlsi2021_ask5_prj/dvlsi2021_ask5_prj.sdk/dvlsi2021_lab5_top.hdf into /dvlsi2021_lab5_top_hw_platform_0/system.hdf.
21:37:44 INFO  : Synchronizing projects in the workspace with the hardware platform specification changes.
21:37:45 INFO  : 
21:37:45 INFO  : Updating hardware inferred compiler options for ask5.
21:37:46 INFO  : Updating hardware inferred compiler options for ask5_bsp_xaxidma_example_simple_poll_1.
21:37:46 INFO  : Clearing existing target manager status.
21:37:46 INFO  : Closing and re-opening the MSS file of ther project ask5_bsp
21:37:46 INFO  : Workspace synchronized with the new hardware specification file. Cleaning dependent projects...
21:37:47 WARN  : Linker script will not be updated automatically. Users need to update it manually.
21:44:00 INFO  : SDK has detected change in the last modified timestamps for source hardware specification file Source:1622313780000,  Project:1622313421000
21:44:00 INFO  : Project dvlsi2021_lab5_top_hw_platform_0's source hardware specification located at /home/georgepag4028/Desktop/Sxoli/Vlsi2021/Ask5/dvlsi2021_lab5/dvlsi2021_ask5_prj/dvlsi2021_ask5_prj.sdk/dvlsi2021_lab5_top.hdf is now different from the local copy.
		 The local copy will be replaced with the source specification and your workspace will be updated.
21:44:23 INFO  : Copied contents of /home/georgepag4028/Desktop/Sxoli/Vlsi2021/Ask5/dvlsi2021_lab5/dvlsi2021_ask5_prj/dvlsi2021_ask5_prj.sdk/dvlsi2021_lab5_top.hdf into /dvlsi2021_lab5_top_hw_platform_0/system.hdf.
21:44:24 INFO  : Synchronizing projects in the workspace with the hardware platform specification changes.
21:44:25 INFO  : 
21:44:26 INFO  : Updating hardware inferred compiler options for ask5.
21:44:27 INFO  : Updating hardware inferred compiler options for ask5_bsp_xaxidma_example_simple_poll_1.
21:44:27 INFO  : Clearing existing target manager status.
21:44:27 INFO  : Closing and re-opening the MSS file of ther project ask5_bsp
21:44:27 INFO  : Workspace synchronized with the new hardware specification file. Cleaning dependent projects...
21:44:28 WARN  : Linker script will not be updated automatically. Users need to update it manually.
21:57:35 INFO  : Registering command handlers for SDK TCF services
21:57:35 INFO  : Launching XSCT server: xsct -n -interactive /home/georgepag4028/Desktop/Sxoli/Vlsi2021/Ask5/dvlsi2021_lab5/dvlsi2021_ask5_prj/dvlsi2021_ask5_prj.sdk/temp_xsdb_launch_script.tcl
21:57:36 INFO  : XSCT server has started successfully.
21:57:36 INFO  : Successfully done setting XSCT server connection channel  
21:57:36 INFO  : Successfully done setting SDK workspace  
21:57:36 INFO  : Processing command line option -hwspec /home/georgepag4028/Desktop/Sxoli/Vlsi2021/Ask5/dvlsi2021_lab5/dvlsi2021_ask5_prj/dvlsi2021_ask5_prj.sdk/dvlsi2021_lab5_top.hdf.
21:57:36 INFO  : Checking for hwspec changes in the project dvlsi2021_lab5_top_hw_platform_0.
21:57:38 INFO  : SDK has detected change in the last modified timestamps for source hardware specification file Source:1622314632000,  Project:1622313780000
21:57:38 INFO  : The hardware specification for project 'dvlsi2021_lab5_top_hw_platform_0' is different from /home/georgepag4028/Desktop/Sxoli/Vlsi2021/Ask5/dvlsi2021_lab5/dvlsi2021_ask5_prj/dvlsi2021_ask5_prj.sdk/dvlsi2021_lab5_top.hdf.
21:57:38 INFO  : Copied contents of /home/georgepag4028/Desktop/Sxoli/Vlsi2021/Ask5/dvlsi2021_lab5/dvlsi2021_ask5_prj/dvlsi2021_ask5_prj.sdk/dvlsi2021_lab5_top.hdf into /dvlsi2021_lab5_top_hw_platform_0/system.hdf.
21:57:40 INFO  : Synchronizing projects in the workspace with the hardware platform specification changes.
21:57:41 INFO  : 
21:57:42 INFO  : Updating hardware inferred compiler options for ask5.
21:57:42 INFO  : Updating hardware inferred compiler options for ask5_bsp_xaxidma_example_simple_poll_1.
21:57:42 INFO  : Clearing existing target manager status.
21:57:42 INFO  : Workspace synchronized with the new hardware specification file. Cleaning dependent projects...
21:57:43 WARN  : Linker script will not be updated automatically. Users need to update it manually.
23:34:40 INFO  : Registering command handlers for SDK TCF services
23:34:40 INFO  : Launching XSCT server: xsct -n -interactive /home/georgepag4028/Desktop/Sxoli/Vlsi2021/Ask5/dvlsi2021_lab5/dvlsi2021_ask5_prj/dvlsi2021_ask5_prj.sdk/temp_xsdb_launch_script.tcl
23:34:41 INFO  : XSCT server has started successfully.
23:34:41 INFO  : Successfully done setting XSCT server connection channel  
23:34:41 INFO  : Successfully done setting SDK workspace  
23:34:41 INFO  : Processing command line option -hwspec /home/georgepag4028/Desktop/Sxoli/Vlsi2021/Ask5/dvlsi2021_lab5/dvlsi2021_ask5_prj/dvlsi2021_ask5_prj.sdk/dvlsi2021_lab5_top.hdf.
23:34:42 INFO  : Checking for hwspec changes in the project dvlsi2021_lab5_top_hw_platform_0.
23:34:43 INFO  : SDK has detected change in the last modified timestamps for source hardware specification file Source:1622320453000,  Project:1622314632000
23:34:43 INFO  : The hardware specification for project 'dvlsi2021_lab5_top_hw_platform_0' is different from /home/georgepag4028/Desktop/Sxoli/Vlsi2021/Ask5/dvlsi2021_lab5/dvlsi2021_ask5_prj/dvlsi2021_ask5_prj.sdk/dvlsi2021_lab5_top.hdf.
23:34:43 INFO  : Copied contents of /home/georgepag4028/Desktop/Sxoli/Vlsi2021/Ask5/dvlsi2021_lab5/dvlsi2021_ask5_prj/dvlsi2021_ask5_prj.sdk/dvlsi2021_lab5_top.hdf into /dvlsi2021_lab5_top_hw_platform_0/system.hdf.
23:34:45 INFO  : Synchronizing projects in the workspace with the hardware platform specification changes.
23:34:46 INFO  : 
23:34:47 INFO  : Updating hardware inferred compiler options for ask5.
23:34:48 INFO  : Updating hardware inferred compiler options for ask5_bsp_xaxidma_example_simple_poll_1.
23:34:48 INFO  : Clearing existing target manager status.
23:34:48 INFO  : Workspace synchronized with the new hardware specification file. Cleaning dependent projects...
23:34:48 WARN  : Linker script will not be updated automatically. Users need to update it manually.
23:35:20 INFO  : No changes in MSS file content so not generating sources.
23:20:29 INFO  : Registering command handlers for SDK TCF services
23:20:29 INFO  : Launching XSCT server: xsct -n -interactive /home/georgepag4028/Desktop/Sxoli/Vlsi2021/Ask5/dvlsi2021_lab5/dvlsi2021_ask5_prj/dvlsi2021_ask5_prj.sdk/temp_xsdb_launch_script.tcl
23:20:30 INFO  : XSCT server has started successfully.
23:20:30 INFO  : Successfully done setting XSCT server connection channel  
23:20:30 INFO  : Successfully done setting SDK workspace  
23:20:30 INFO  : Processing command line option -hwspec /home/georgepag4028/Desktop/Sxoli/Vlsi2021/Ask5/dvlsi2021_lab5/dvlsi2021_ask5_prj/dvlsi2021_ask5_prj.sdk/dvlsi2021_lab5_top.hdf.
23:20:30 INFO  : Checking for hwspec changes in the project dvlsi2021_lab5_top_hw_platform_0.
23:20:32 INFO  : SDK has detected change in the last modified timestamps for source hardware specification file Source:1622405677000,  Project:1622320453000
23:20:32 INFO  : The hardware specification for project 'dvlsi2021_lab5_top_hw_platform_0' is different from /home/georgepag4028/Desktop/Sxoli/Vlsi2021/Ask5/dvlsi2021_lab5/dvlsi2021_ask5_prj/dvlsi2021_ask5_prj.sdk/dvlsi2021_lab5_top.hdf.
23:20:32 INFO  : Copied contents of /home/georgepag4028/Desktop/Sxoli/Vlsi2021/Ask5/dvlsi2021_lab5/dvlsi2021_ask5_prj/dvlsi2021_ask5_prj.sdk/dvlsi2021_lab5_top.hdf into /dvlsi2021_lab5_top_hw_platform_0/system.hdf.
23:20:34 INFO  : Synchronizing projects in the workspace with the hardware platform specification changes.
23:20:35 INFO  : 
23:20:36 INFO  : Updating hardware inferred compiler options for ask5.
23:20:37 INFO  : Updating hardware inferred compiler options for ask5_bsp_xaxidma_example_simple_poll_1.
23:20:37 INFO  : Clearing existing target manager status.
23:20:37 INFO  : Workspace synchronized with the new hardware specification file. Cleaning dependent projects...
23:20:37 WARN  : Linker script will not be updated automatically. Users need to update it manually.
21:47:53 INFO  : Registering command handlers for SDK TCF services
21:47:54 INFO  : Launching XSCT server: xsct -n -interactive /home/georgepag4028/Desktop/Sxoli/Vlsi2021/Ask5/dvlsi2021_lab5/dvlsi2021_ask5_prj/dvlsi2021_ask5_prj.sdk/temp_xsdb_launch_script.tcl
21:47:55 INFO  : XSCT server has started successfully.
21:47:55 INFO  : Successfully done setting XSCT server connection channel  
21:47:55 INFO  : Successfully done setting SDK workspace  
21:47:55 INFO  : Processing command line option -hwspec /home/georgepag4028/Desktop/Sxoli/Vlsi2021/Ask5/dvlsi2021_lab5/dvlsi2021_ask5_prj/dvlsi2021_ask5_prj.sdk/dvlsi2021_lab5_top.hdf.
21:47:55 INFO  : Checking for hwspec changes in the project dvlsi2021_lab5_top_hw_platform_0.
21:47:57 INFO  : SDK has detected change in the last modified timestamps for source hardware specification file Source:1622486796000,  Project:1622405677000
21:47:57 INFO  : The hardware specification for project 'dvlsi2021_lab5_top_hw_platform_0' is different from /home/georgepag4028/Desktop/Sxoli/Vlsi2021/Ask5/dvlsi2021_lab5/dvlsi2021_ask5_prj/dvlsi2021_ask5_prj.sdk/dvlsi2021_lab5_top.hdf.
21:47:57 INFO  : Copied contents of /home/georgepag4028/Desktop/Sxoli/Vlsi2021/Ask5/dvlsi2021_lab5/dvlsi2021_ask5_prj/dvlsi2021_ask5_prj.sdk/dvlsi2021_lab5_top.hdf into /dvlsi2021_lab5_top_hw_platform_0/system.hdf.
21:47:58 INFO  : Synchronizing projects in the workspace with the hardware platform specification changes.
21:47:59 INFO  : 
21:48:00 INFO  : Updating hardware inferred compiler options for ask5.
21:48:01 INFO  : Updating hardware inferred compiler options for ask5_bsp_xaxidma_example_simple_poll_1.
21:48:01 INFO  : Clearing existing target manager status.
21:48:01 INFO  : Workspace synchronized with the new hardware specification file. Cleaning dependent projects...
21:48:01 WARN  : Linker script will not be updated automatically. Users need to update it manually.
01:43:01 INFO  : Registering command handlers for SDK TCF services
01:43:02 INFO  : Launching XSCT server: xsct -n -interactive /home/georgepag4028/Desktop/Sxoli/Vlsi2021/Ask5/dvlsi2021_lab5/dvlsi2021_ask5_prj/dvlsi2021_ask5_prj.sdk/temp_xsdb_launch_script.tcl
01:43:03 INFO  : XSCT server has started successfully.
01:43:03 INFO  : Successfully done setting XSCT server connection channel  
01:43:03 INFO  : Successfully done setting SDK workspace  
01:43:03 INFO  : Processing command line option -hwspec /home/georgepag4028/Desktop/Sxoli/Vlsi2021/Ask5/dvlsi2021_lab5/dvlsi2021_ask5_prj/dvlsi2021_ask5_prj.sdk/dvlsi2021_lab5_top.hdf.
01:43:03 INFO  : Checking for hwspec changes in the project dvlsi2021_lab5_top_hw_platform_0.
01:43:04 INFO  : SDK has detected change in the last modified timestamps for source hardware specification file Source:1622500960000,  Project:1622486796000
01:43:04 INFO  : The hardware specification for project 'dvlsi2021_lab5_top_hw_platform_0' is different from /home/georgepag4028/Desktop/Sxoli/Vlsi2021/Ask5/dvlsi2021_lab5/dvlsi2021_ask5_prj/dvlsi2021_ask5_prj.sdk/dvlsi2021_lab5_top.hdf.
01:43:04 INFO  : Copied contents of /home/georgepag4028/Desktop/Sxoli/Vlsi2021/Ask5/dvlsi2021_lab5/dvlsi2021_ask5_prj/dvlsi2021_ask5_prj.sdk/dvlsi2021_lab5_top.hdf into /dvlsi2021_lab5_top_hw_platform_0/system.hdf.
01:43:06 INFO  : Synchronizing projects in the workspace with the hardware platform specification changes.
01:43:07 INFO  : 
01:43:08 INFO  : Updating hardware inferred compiler options for ask5.
01:43:08 INFO  : Updating hardware inferred compiler options for ask5_bsp_xaxidma_example_simple_poll_1.
01:43:08 INFO  : Clearing existing target manager status.
01:43:08 INFO  : Workspace synchronized with the new hardware specification file. Cleaning dependent projects...
01:43:09 WARN  : Linker script will not be updated automatically. Users need to update it manually.
16:52:11 INFO  : Registering command handlers for SDK TCF services
16:52:11 INFO  : Launching XSCT server: xsct -n -interactive /home/georgepag4028/Desktop/Sxoli/Vlsi2021/Ask5/dvlsi2021_lab5/dvlsi2021_ask5_prj/dvlsi2021_ask5_prj.sdk/temp_xsdb_launch_script.tcl
16:52:12 INFO  : XSCT server has started successfully.
16:52:12 INFO  : Successfully done setting XSCT server connection channel  
16:52:12 INFO  : Successfully done setting SDK workspace  
16:52:12 INFO  : Processing command line option -hwspec /home/georgepag4028/Desktop/Sxoli/Vlsi2021/Ask5/dvlsi2021_lab5/dvlsi2021_ask5_prj/dvlsi2021_ask5_prj.sdk/dvlsi2021_lab5_top.hdf.
16:52:12 INFO  : Checking for hwspec changes in the project dvlsi2021_lab5_top_hw_platform_0.
17:23:48 INFO  : SDK has detected change in the last modified timestamps for source hardware specification file Source:1622557417000,  Project:1622500960000
17:23:48 INFO  : Project dvlsi2021_lab5_top_hw_platform_0's source hardware specification located at /home/georgepag4028/Desktop/Sxoli/Vlsi2021/Ask5/dvlsi2021_lab5/dvlsi2021_ask5_prj/dvlsi2021_ask5_prj.sdk/dvlsi2021_lab5_top.hdf is now different from the local copy.
		 The local copy will be replaced with the source specification and your workspace will be updated.
17:23:56 INFO  : Copied contents of /home/georgepag4028/Desktop/Sxoli/Vlsi2021/Ask5/dvlsi2021_lab5/dvlsi2021_ask5_prj/dvlsi2021_ask5_prj.sdk/dvlsi2021_lab5_top.hdf into /dvlsi2021_lab5_top_hw_platform_0/system.hdf.
17:23:58 INFO  : Synchronizing projects in the workspace with the hardware platform specification changes.
17:23:59 INFO  : 
17:24:00 INFO  : Updating hardware inferred compiler options for ask5.
17:24:01 INFO  : Updating hardware inferred compiler options for ask5_bsp_xaxidma_example_simple_poll_1.
17:24:01 INFO  : Clearing existing target manager status.
17:24:01 INFO  : Workspace synchronized with the new hardware specification file. Cleaning dependent projects...
17:24:01 WARN  : Linker script will not be updated automatically. Users need to update it manually.
17:30:24 INFO  : SDK has detected change in the last modified timestamps for source hardware specification file Source:1622557809000,  Project:1622557417000
17:30:24 INFO  : Project dvlsi2021_lab5_top_hw_platform_0's source hardware specification located at /home/georgepag4028/Desktop/Sxoli/Vlsi2021/Ask5/dvlsi2021_lab5/dvlsi2021_ask5_prj/dvlsi2021_ask5_prj.sdk/dvlsi2021_lab5_top.hdf is now different from the local copy.
		 The local copy will be replaced with the source specification and your workspace will be updated.
17:30:26 INFO  : Copied contents of /home/georgepag4028/Desktop/Sxoli/Vlsi2021/Ask5/dvlsi2021_lab5/dvlsi2021_ask5_prj/dvlsi2021_ask5_prj.sdk/dvlsi2021_lab5_top.hdf into /dvlsi2021_lab5_top_hw_platform_0/system.hdf.
17:30:28 INFO  : Synchronizing projects in the workspace with the hardware platform specification changes.
17:30:29 INFO  : 
17:30:30 INFO  : Updating hardware inferred compiler options for ask5.
17:30:30 INFO  : Updating hardware inferred compiler options for ask5_bsp_xaxidma_example_simple_poll_1.
17:30:30 INFO  : Clearing existing target manager status.
17:30:30 INFO  : Workspace synchronized with the new hardware specification file. Cleaning dependent projects...
17:30:31 WARN  : Linker script will not be updated automatically. Users need to update it manually.
17:35:43 INFO  : SDK has detected change in the last modified timestamps for source hardware specification file Source:1622558133000,  Project:1622557809000
17:35:43 INFO  : Project dvlsi2021_lab5_top_hw_platform_0's source hardware specification located at /home/georgepag4028/Desktop/Sxoli/Vlsi2021/Ask5/dvlsi2021_lab5/dvlsi2021_ask5_prj/dvlsi2021_ask5_prj.sdk/dvlsi2021_lab5_top.hdf is now different from the local copy.
		 The local copy will be replaced with the source specification and your workspace will be updated.
17:35:45 INFO  : Copied contents of /home/georgepag4028/Desktop/Sxoli/Vlsi2021/Ask5/dvlsi2021_lab5/dvlsi2021_ask5_prj/dvlsi2021_ask5_prj.sdk/dvlsi2021_lab5_top.hdf into /dvlsi2021_lab5_top_hw_platform_0/system.hdf.
17:35:47 INFO  : Synchronizing projects in the workspace with the hardware platform specification changes.
17:35:47 INFO  : 
17:35:48 INFO  : Updating hardware inferred compiler options for ask5.
17:35:49 INFO  : Updating hardware inferred compiler options for ask5_bsp_xaxidma_example_simple_poll_1.
17:35:49 INFO  : Clearing existing target manager status.
17:35:49 INFO  : Workspace synchronized with the new hardware specification file. Cleaning dependent projects...
17:35:49 WARN  : Linker script will not be updated automatically. Users need to update it manually.
17:42:58 INFO  : SDK has detected change in the last modified timestamps for source hardware specification file Source:1622558565000,  Project:1622558133000
17:42:58 INFO  : Project dvlsi2021_lab5_top_hw_platform_0's source hardware specification located at /home/georgepag4028/Desktop/Sxoli/Vlsi2021/Ask5/dvlsi2021_lab5/dvlsi2021_ask5_prj/dvlsi2021_ask5_prj.sdk/dvlsi2021_lab5_top.hdf is now different from the local copy.
		 The local copy will be replaced with the source specification and your workspace will be updated.
17:43:45 INFO  : Copied contents of /home/georgepag4028/Desktop/Sxoli/Vlsi2021/Ask5/dvlsi2021_lab5/dvlsi2021_ask5_prj/dvlsi2021_ask5_prj.sdk/dvlsi2021_lab5_top.hdf into /dvlsi2021_lab5_top_hw_platform_0/system.hdf.
17:43:47 INFO  : Synchronizing projects in the workspace with the hardware platform specification changes.
17:43:48 INFO  : 
17:43:49 INFO  : Updating hardware inferred compiler options for ask5.
17:43:50 INFO  : Updating hardware inferred compiler options for ask5_bsp_xaxidma_example_simple_poll_1.
17:43:50 INFO  : Clearing existing target manager status.
17:43:50 INFO  : Workspace synchronized with the new hardware specification file. Cleaning dependent projects...
17:43:50 WARN  : Linker script will not be updated automatically. Users need to update it manually.
17:49:48 INFO  : SDK has detected change in the last modified timestamps for source hardware specification file Source:1622558977000,  Project:1622558565000
17:49:48 INFO  : Project dvlsi2021_lab5_top_hw_platform_0's source hardware specification located at /home/georgepag4028/Desktop/Sxoli/Vlsi2021/Ask5/dvlsi2021_lab5/dvlsi2021_ask5_prj/dvlsi2021_ask5_prj.sdk/dvlsi2021_lab5_top.hdf is now different from the local copy.
		 The local copy will be replaced with the source specification and your workspace will be updated.
17:49:49 INFO  : Copied contents of /home/georgepag4028/Desktop/Sxoli/Vlsi2021/Ask5/dvlsi2021_lab5/dvlsi2021_ask5_prj/dvlsi2021_ask5_prj.sdk/dvlsi2021_lab5_top.hdf into /dvlsi2021_lab5_top_hw_platform_0/system.hdf.
17:49:50 INFO  : Synchronizing projects in the workspace with the hardware platform specification changes.
17:49:51 INFO  : 
17:49:52 INFO  : Updating hardware inferred compiler options for ask5.
17:49:53 INFO  : Updating hardware inferred compiler options for ask5_bsp_xaxidma_example_simple_poll_1.
17:49:53 INFO  : Clearing existing target manager status.
17:49:53 INFO  : Workspace synchronized with the new hardware specification file. Cleaning dependent projects...
17:49:53 WARN  : Linker script will not be updated automatically. Users need to update it manually.
17:57:22 INFO  : SDK has detected change in the last modified timestamps for source hardware specification file Source:1622559428000,  Project:1622558977000
17:57:22 INFO  : Project dvlsi2021_lab5_top_hw_platform_0's source hardware specification located at /home/georgepag4028/Desktop/Sxoli/Vlsi2021/Ask5/dvlsi2021_lab5/dvlsi2021_ask5_prj/dvlsi2021_ask5_prj.sdk/dvlsi2021_lab5_top.hdf is now different from the local copy.
		 The local copy will be replaced with the source specification and your workspace will be updated.
17:57:33 INFO  : Copied contents of /home/georgepag4028/Desktop/Sxoli/Vlsi2021/Ask5/dvlsi2021_lab5/dvlsi2021_ask5_prj/dvlsi2021_ask5_prj.sdk/dvlsi2021_lab5_top.hdf into /dvlsi2021_lab5_top_hw_platform_0/system.hdf.
17:57:35 INFO  : Synchronizing projects in the workspace with the hardware platform specification changes.
17:57:36 INFO  : 
17:57:36 INFO  : Updating hardware inferred compiler options for ask5.
17:57:37 INFO  : Updating hardware inferred compiler options for ask5_bsp_xaxidma_example_simple_poll_1.
17:57:37 INFO  : Clearing existing target manager status.
17:57:37 INFO  : Workspace synchronized with the new hardware specification file. Cleaning dependent projects...
17:57:38 WARN  : Linker script will not be updated automatically. Users need to update it manually.
18:14:31 INFO  : SDK has detected change in the last modified timestamps for source hardware specification file Source:1622560455000,  Project:1622559428000
18:14:31 INFO  : Project dvlsi2021_lab5_top_hw_platform_0's source hardware specification located at /home/georgepag4028/Desktop/Sxoli/Vlsi2021/Ask5/dvlsi2021_lab5/dvlsi2021_ask5_prj/dvlsi2021_ask5_prj.sdk/dvlsi2021_lab5_top.hdf is now different from the local copy.
		 The local copy will be replaced with the source specification and your workspace will be updated.
18:14:40 INFO  : Copied contents of /home/georgepag4028/Desktop/Sxoli/Vlsi2021/Ask5/dvlsi2021_lab5/dvlsi2021_ask5_prj/dvlsi2021_ask5_prj.sdk/dvlsi2021_lab5_top.hdf into /dvlsi2021_lab5_top_hw_platform_0/system.hdf.
18:14:41 INFO  : Synchronizing projects in the workspace with the hardware platform specification changes.
18:14:42 INFO  : 
18:14:43 INFO  : Updating hardware inferred compiler options for ask5.
18:14:44 INFO  : Updating hardware inferred compiler options for ask5_bsp_xaxidma_example_simple_poll_1.
18:14:44 INFO  : Clearing existing target manager status.
18:14:44 INFO  : Workspace synchronized with the new hardware specification file. Cleaning dependent projects...
18:14:44 WARN  : Linker script will not be updated automatically. Users need to update it manually.
18:20:02 INFO  : SDK has detected change in the last modified timestamps for source hardware specification file Source:1622560782000,  Project:1622560455000
18:20:02 INFO  : Project dvlsi2021_lab5_top_hw_platform_0's source hardware specification located at /home/georgepag4028/Desktop/Sxoli/Vlsi2021/Ask5/dvlsi2021_lab5/dvlsi2021_ask5_prj/dvlsi2021_ask5_prj.sdk/dvlsi2021_lab5_top.hdf is now different from the local copy.
		 The local copy will be replaced with the source specification and your workspace will be updated.
18:20:03 INFO  : Copied contents of /home/georgepag4028/Desktop/Sxoli/Vlsi2021/Ask5/dvlsi2021_lab5/dvlsi2021_ask5_prj/dvlsi2021_ask5_prj.sdk/dvlsi2021_lab5_top.hdf into /dvlsi2021_lab5_top_hw_platform_0/system.hdf.
18:20:05 INFO  : Synchronizing projects in the workspace with the hardware platform specification changes.
18:20:06 INFO  : 
18:20:07 INFO  : Updating hardware inferred compiler options for ask5.
18:20:08 INFO  : Updating hardware inferred compiler options for ask5_bsp_xaxidma_example_simple_poll_1.
18:20:08 INFO  : Clearing existing target manager status.
18:20:08 INFO  : Workspace synchronized with the new hardware specification file. Cleaning dependent projects...
18:20:08 WARN  : Linker script will not be updated automatically. Users need to update it manually.
18:38:16 INFO  : SDK has detected change in the last modified timestamps for source hardware specification file Source:1622561831000,  Project:1622560782000
18:38:16 INFO  : Project dvlsi2021_lab5_top_hw_platform_0's source hardware specification located at /home/georgepag4028/Desktop/Sxoli/Vlsi2021/Ask5/dvlsi2021_lab5/dvlsi2021_ask5_prj/dvlsi2021_ask5_prj.sdk/dvlsi2021_lab5_top.hdf is now different from the local copy.
		 The local copy will be replaced with the source specification and your workspace will be updated.
18:38:19 INFO  : Copied contents of /home/georgepag4028/Desktop/Sxoli/Vlsi2021/Ask5/dvlsi2021_lab5/dvlsi2021_ask5_prj/dvlsi2021_ask5_prj.sdk/dvlsi2021_lab5_top.hdf into /dvlsi2021_lab5_top_hw_platform_0/system.hdf.
18:38:20 INFO  : Synchronizing projects in the workspace with the hardware platform specification changes.
18:38:21 INFO  : 
18:38:22 INFO  : Updating hardware inferred compiler options for ask5.
18:38:23 INFO  : Updating hardware inferred compiler options for ask5_bsp_xaxidma_example_simple_poll_1.
18:38:23 INFO  : Clearing existing target manager status.
18:38:23 INFO  : Workspace synchronized with the new hardware specification file. Cleaning dependent projects...
18:38:23 WARN  : Linker script will not be updated automatically. Users need to update it manually.
19:57:05 INFO  : Registering command handlers for SDK TCF services
19:57:05 INFO  : Launching XSCT server: xsct -n -interactive /home/georgepag4028/Desktop/Sxoli/Vlsi2021/Ask5/dvlsi2021_lab5/dvlsi2021_ask5_prj/dvlsi2021_ask5_prj.sdk/temp_xsdb_launch_script.tcl
19:57:06 INFO  : XSCT server has started successfully.
19:57:06 INFO  : Successfully done setting XSCT server connection channel  
19:57:06 INFO  : Successfully done setting SDK workspace  
19:57:06 INFO  : Processing command line option -hwspec /home/georgepag4028/Desktop/Sxoli/Vlsi2021/Ask5/dvlsi2021_lab5/dvlsi2021_ask5_prj/dvlsi2021_ask5_prj.sdk/dvlsi2021_lab5_top.hdf.
19:57:06 INFO  : Checking for hwspec changes in the project dvlsi2021_lab5_top_hw_platform_0.
21:58:06 INFO  : SDK has detected change in the last modified timestamps for source hardware specification file Source:1622573842000,  Project:1622561831000
21:58:06 INFO  : Project dvlsi2021_lab5_top_hw_platform_0's source hardware specification located at /home/georgepag4028/Desktop/Sxoli/Vlsi2021/Ask5/dvlsi2021_lab5/dvlsi2021_ask5_prj/dvlsi2021_ask5_prj.sdk/dvlsi2021_lab5_top.hdf is now different from the local copy.
		 The local copy will be replaced with the source specification and your workspace will be updated.
21:58:07 INFO  : Copied contents of /home/georgepag4028/Desktop/Sxoli/Vlsi2021/Ask5/dvlsi2021_lab5/dvlsi2021_ask5_prj/dvlsi2021_ask5_prj.sdk/dvlsi2021_lab5_top.hdf into /dvlsi2021_lab5_top_hw_platform_0/system.hdf.
21:58:09 INFO  : Synchronizing projects in the workspace with the hardware platform specification changes.
21:58:10 INFO  : 
21:58:10 INFO  : Updating hardware inferred compiler options for ask5.
21:58:11 INFO  : Updating hardware inferred compiler options for ask5_bsp_xaxidma_example_simple_poll_1.
21:58:11 INFO  : Clearing existing target manager status.
21:58:11 INFO  : Closing and re-opening the MSS file of ther project ask5_bsp
21:58:11 INFO  : Workspace synchronized with the new hardware specification file. Cleaning dependent projects...
21:58:12 WARN  : Linker script will not be updated automatically. Users need to update it manually.
22:11:18 INFO  : SDK has detected change in the last modified timestamps for source hardware specification file Source:1622574629000,  Project:1622573842000
22:11:18 INFO  : Project dvlsi2021_lab5_top_hw_platform_0's source hardware specification located at /home/georgepag4028/Desktop/Sxoli/Vlsi2021/Ask5/dvlsi2021_lab5/dvlsi2021_ask5_prj/dvlsi2021_ask5_prj.sdk/dvlsi2021_lab5_top.hdf is now different from the local copy.
		 The local copy will be replaced with the source specification and your workspace will be updated.
22:11:19 INFO  : Copied contents of /home/georgepag4028/Desktop/Sxoli/Vlsi2021/Ask5/dvlsi2021_lab5/dvlsi2021_ask5_prj/dvlsi2021_ask5_prj.sdk/dvlsi2021_lab5_top.hdf into /dvlsi2021_lab5_top_hw_platform_0/system.hdf.
22:11:21 INFO  : Synchronizing projects in the workspace with the hardware platform specification changes.
22:11:22 INFO  : 
22:11:23 INFO  : Updating hardware inferred compiler options for ask5.
22:11:23 INFO  : Updating hardware inferred compiler options for ask5_bsp_xaxidma_example_simple_poll_1.
22:11:23 INFO  : Clearing existing target manager status.
22:11:23 INFO  : Workspace synchronized with the new hardware specification file. Cleaning dependent projects...
22:11:24 WARN  : Linker script will not be updated automatically. Users need to update it manually.
23:29:19 INFO  : SDK has detected change in the last modified timestamps for source hardware specification file Source:1622579348000,  Project:1622574629000
23:29:19 INFO  : Project dvlsi2021_lab5_top_hw_platform_0's source hardware specification located at /home/georgepag4028/Desktop/Sxoli/Vlsi2021/Ask5/dvlsi2021_lab5/dvlsi2021_ask5_prj/dvlsi2021_ask5_prj.sdk/dvlsi2021_lab5_top.hdf is now different from the local copy.
		 The local copy will be replaced with the source specification and your workspace will be updated.
23:29:20 INFO  : Copied contents of /home/georgepag4028/Desktop/Sxoli/Vlsi2021/Ask5/dvlsi2021_lab5/dvlsi2021_ask5_prj/dvlsi2021_ask5_prj.sdk/dvlsi2021_lab5_top.hdf into /dvlsi2021_lab5_top_hw_platform_0/system.hdf.
23:29:22 INFO  : Synchronizing projects in the workspace with the hardware platform specification changes.
23:29:23 INFO  : 
23:29:23 INFO  : Updating hardware inferred compiler options for ask5.
23:29:24 INFO  : Updating hardware inferred compiler options for ask5_bsp_xaxidma_example_simple_poll_1.
23:29:24 INFO  : Clearing existing target manager status.
23:29:24 INFO  : Workspace synchronized with the new hardware specification file. Cleaning dependent projects...
23:29:25 WARN  : Linker script will not be updated automatically. Users need to update it manually.
09:37:36 INFO  : Registering command handlers for SDK TCF services
09:37:37 INFO  : Launching XSCT server: xsct -n -interactive /home/georgepag4028/Desktop/Sxoli/Vlsi2021/Ask5/dvlsi2021_lab5/dvlsi2021_ask5_prj/dvlsi2021_ask5_prj.sdk/temp_xsdb_launch_script.tcl
09:37:38 INFO  : XSCT server has started successfully.
09:37:38 INFO  : Successfully done setting XSCT server connection channel  
09:37:38 INFO  : Successfully done setting SDK workspace  
09:37:38 INFO  : Processing command line option -hwspec /home/georgepag4028/Desktop/Sxoli/Vlsi2021/Ask5/dvlsi2021_lab5/dvlsi2021_ask5_prj/dvlsi2021_ask5_prj.sdk/dvlsi2021_lab5_top.hdf.
09:37:38 INFO  : Checking for hwspec changes in the project dvlsi2021_lab5_top_hw_platform_0.
09:37:40 INFO  : SDK has detected change in the last modified timestamps for source hardware specification file Source:1622615836000,  Project:1622579348000
09:37:40 INFO  : The hardware specification for project 'dvlsi2021_lab5_top_hw_platform_0' is different from /home/georgepag4028/Desktop/Sxoli/Vlsi2021/Ask5/dvlsi2021_lab5/dvlsi2021_ask5_prj/dvlsi2021_ask5_prj.sdk/dvlsi2021_lab5_top.hdf.
09:37:40 INFO  : Copied contents of /home/georgepag4028/Desktop/Sxoli/Vlsi2021/Ask5/dvlsi2021_lab5/dvlsi2021_ask5_prj/dvlsi2021_ask5_prj.sdk/dvlsi2021_lab5_top.hdf into /dvlsi2021_lab5_top_hw_platform_0/system.hdf.
09:37:42 INFO  : Synchronizing projects in the workspace with the hardware platform specification changes.
09:37:43 INFO  : 
09:37:43 INFO  : Updating hardware inferred compiler options for ask5.
09:37:44 INFO  : Updating hardware inferred compiler options for ask5_bsp_xaxidma_example_simple_poll_1.
09:37:44 INFO  : Clearing existing target manager status.
09:37:44 INFO  : Workspace synchronized with the new hardware specification file. Cleaning dependent projects...
09:37:45 WARN  : Linker script will not be updated automatically. Users need to update it manually.
00:39:59 INFO  : Registering command handlers for SDK TCF services
00:39:59 INFO  : Launching XSCT server: xsct -n -interactive /home/georgepag4028/Desktop/Sxoli/Vlsi2021/Ask5/dvlsi2021_lab5/dvlsi2021_ask5_prj/dvlsi2021_ask5_prj.sdk/temp_xsdb_launch_script.tcl
00:40:00 INFO  : XSCT server has started successfully.
00:40:00 INFO  : Successfully done setting XSCT server connection channel  
00:40:00 INFO  : Successfully done setting SDK workspace  
00:40:00 INFO  : Processing command line option -hwspec /home/georgepag4028/Desktop/Sxoli/Vlsi2021/Ask5/dvlsi2021_lab5/dvlsi2021_ask5_prj/dvlsi2021_ask5_prj.sdk/dvlsi2021_lab5_top.hdf.
00:40:01 INFO  : Checking for hwspec changes in the project dvlsi2021_lab5_top_hw_platform_0.
01:37:56 INFO  : Registering command handlers for SDK TCF services
01:37:57 INFO  : Launching XSCT server: xsct -n -interactive /home/georgepag4028/Desktop/Sxoli/Vlsi2021/Ask5/dvlsi2021_lab5/dvlsi2021_ask5_prj/dvlsi2021_ask5_prj.sdk/temp_xsdb_launch_script.tcl
01:37:58 INFO  : XSCT server has started successfully.
01:37:58 INFO  : Successfully done setting XSCT server connection channel  
01:37:58 INFO  : Successfully done setting SDK workspace  
01:37:58 INFO  : Processing command line option -hwspec /home/georgepag4028/Desktop/Sxoli/Vlsi2021/Ask5/dvlsi2021_lab5/dvlsi2021_ask5_prj/dvlsi2021_ask5_prj.sdk/dvlsi2021_lab5_top.hdf.
01:37:58 INFO  : Checking for hwspec changes in the project dvlsi2021_lab5_top_hw_platform_0.
